<?xml version="1.0" encoding="UTF-8"?>
<!-- Generated by org.testng.reporters.JUnitXMLReporter -->
<testsuite hostname="LAPTOP-5EAMJ23T" name="Default test" tests="3" failures="0" timestamp="2 Jan 2019 07:54:33 GMT" time="16.314" errors="0">
  <testcase name="rowCount" time="0.039" classname="testCases.WebTableTestCase"/>
  <testcase name="getVersion" time="0.266" classname="testCases.WebTableTestCase"/>
  <testcase name="getYear" time="0.206" classname="testCases.WebTableTestCase"/>
</testsuite> <!-- Default test -->
