<?xml version="1.0" encoding="UTF-8"?>
<testng-results skipped="0" failed="0" total="3" passed="3">
  <reporter-output>
  </reporter-output>
  <suite name="Default suite" duration-ms="16314" started-at="2019-01-02T07:54:17Z" finished-at="2019-01-02T07:54:33Z">
    <groups>
    </groups>
    <test name="Default test" duration-ms="16314" started-at="2019-01-02T07:54:17Z" finished-at="2019-01-02T07:54:33Z">
      <class name="testCases.WebTableTestCase">
        <test-method status="PASS" signature="setUp()[pri:0, instance:testCases.WebTableTestCase@39aeed2f]" name="setUp" is-config="true" duration-ms="4984" started-at="2019-01-01T23:54:17Z" finished-at="2019-01-01T23:54:22Z">
          <reporter-output>
          </reporter-output>
        </test-method> <!-- setUp -->
        <test-method status="PASS" signature="rowCount()[pri:0, instance:testCases.WebTableTestCase@39aeed2f]" name="rowCount" duration-ms="39" started-at="2019-01-01T23:54:22Z" finished-at="2019-01-01T23:54:22Z">
          <reporter-output>
          </reporter-output>
        </test-method> <!-- rowCount -->
        <test-method status="PASS" signature="tearDown()[pri:0, instance:testCases.WebTableTestCase@39aeed2f]" name="tearDown" is-config="true" duration-ms="697" started-at="2019-01-01T23:54:22Z" finished-at="2019-01-01T23:54:23Z">
          <reporter-output>
          </reporter-output>
        </test-method> <!-- tearDown -->
        <test-method status="PASS" signature="setUp()[pri:0, instance:testCases.WebTableTestCase@39aeed2f]" name="setUp" is-config="true" duration-ms="4385" started-at="2019-01-01T23:54:23Z" finished-at="2019-01-01T23:54:27Z">
          <reporter-output>
          </reporter-output>
        </test-method> <!-- setUp -->
        <test-method status="PASS" signature="getVersion()[pri:0, instance:testCases.WebTableTestCase@39aeed2f]" name="getVersion" duration-ms="266" started-at="2019-01-01T23:54:27Z" finished-at="2019-01-01T23:54:28Z">
          <reporter-output>
          </reporter-output>
        </test-method> <!-- getVersion -->
        <test-method status="PASS" signature="tearDown()[pri:0, instance:testCases.WebTableTestCase@39aeed2f]" name="tearDown" is-config="true" duration-ms="695" started-at="2019-01-01T23:54:28Z" finished-at="2019-01-01T23:54:28Z">
          <reporter-output>
          </reporter-output>
        </test-method> <!-- tearDown -->
        <test-method status="PASS" signature="setUp()[pri:0, instance:testCases.WebTableTestCase@39aeed2f]" name="setUp" is-config="true" duration-ms="4339" started-at="2019-01-01T23:54:28Z" finished-at="2019-01-01T23:54:33Z">
          <reporter-output>
          </reporter-output>
        </test-method> <!-- setUp -->
        <test-method status="PASS" signature="getYear()[pri:0, instance:testCases.WebTableTestCase@39aeed2f]" name="getYear" duration-ms="206" started-at="2019-01-01T23:54:33Z" finished-at="2019-01-01T23:54:33Z">
          <reporter-output>
          </reporter-output>
        </test-method> <!-- getYear -->
        <test-method status="PASS" signature="tearDown()[pri:0, instance:testCases.WebTableTestCase@39aeed2f]" name="tearDown" is-config="true" duration-ms="687" started-at="2019-01-01T23:54:33Z" finished-at="2019-01-01T23:54:33Z">
          <reporter-output>
          </reporter-output>
        </test-method> <!-- tearDown -->
      </class> <!-- testCases.WebTableTestCase -->
    </test> <!-- Default test -->
  </suite> <!-- Default suite -->
</testng-results>
