<?xml version="1.0" encoding="UTF-8"?>
<testng-results skipped="0" failed="0" ignored="0" total="3" passed="3">
  <reporter-output>
  </reporter-output>
  <suite name="Default suite" duration-ms="18454" started-at="2019-02-02T04:38:40Z" finished-at="2019-02-02T04:38:58Z">
    <groups>
    </groups>
    <test name="Default test" duration-ms="18454" started-at="2019-02-02T04:38:40Z" finished-at="2019-02-02T04:38:58Z">
      <class name="testCases.WebTableTestCase">
        <test-method status="PASS" signature="setUp()[pri:0, instance:testCases.WebTableTestCase@28d25987]" name="setUp" is-config="true" duration-ms="5788" started-at="2019-02-01T20:38:40Z" finished-at="2019-02-01T20:38:46Z">
          <reporter-output>
          </reporter-output>
        </test-method> <!-- setUp -->
        <test-method status="PASS" signature="rowCount()[pri:1, instance:testCases.WebTableTestCase@28d25987]" name="rowCount" duration-ms="52" started-at="2019-02-01T20:38:46Z" finished-at="2019-02-01T20:38:46Z">
          <reporter-output>
          </reporter-output>
        </test-method> <!-- rowCount -->
        <test-method status="PASS" signature="tearDown()[pri:0, instance:testCases.WebTableTestCase@28d25987]" name="tearDown" is-config="true" duration-ms="628" started-at="2019-02-01T20:38:46Z" finished-at="2019-02-01T20:38:47Z">
          <reporter-output>
          </reporter-output>
        </test-method> <!-- tearDown -->
        <test-method status="PASS" signature="setUp()[pri:0, instance:testCases.WebTableTestCase@28d25987]" name="setUp" is-config="true" duration-ms="4258" started-at="2019-02-01T20:38:47Z" finished-at="2019-02-01T20:38:51Z">
          <reporter-output>
          </reporter-output>
        </test-method> <!-- setUp -->
        <test-method status="PASS" signature="getVersion()[pri:2, instance:testCases.WebTableTestCase@28d25987]" name="getVersion" duration-ms="922" started-at="2019-02-01T20:38:51Z" finished-at="2019-02-01T20:38:52Z">
          <reporter-output>
          </reporter-output>
        </test-method> <!-- getVersion -->
        <test-method status="PASS" signature="tearDown()[pri:0, instance:testCases.WebTableTestCase@28d25987]" name="tearDown" is-config="true" duration-ms="623" started-at="2019-02-01T20:38:52Z" finished-at="2019-02-01T20:38:52Z">
          <reporter-output>
          </reporter-output>
        </test-method> <!-- tearDown -->
        <test-method status="PASS" signature="setUp()[pri:0, instance:testCases.WebTableTestCase@28d25987]" name="setUp" is-config="true" duration-ms="4602" started-at="2019-02-01T20:38:52Z" finished-at="2019-02-01T20:38:57Z">
          <reporter-output>
          </reporter-output>
        </test-method> <!-- setUp -->
        <test-method status="PASS" signature="getYear()[pri:3, instance:testCases.WebTableTestCase@28d25987]" name="getYear" duration-ms="911" started-at="2019-02-01T20:38:57Z" finished-at="2019-02-01T20:38:58Z">
          <reporter-output>
          </reporter-output>
        </test-method> <!-- getYear -->
        <test-method status="PASS" signature="tearDown()[pri:0, instance:testCases.WebTableTestCase@28d25987]" name="tearDown" is-config="true" duration-ms="641" started-at="2019-02-01T20:38:58Z" finished-at="2019-02-01T20:38:58Z">
          <reporter-output>
          </reporter-output>
        </test-method> <!-- tearDown -->
      </class> <!-- testCases.WebTableTestCase -->
    </test> <!-- Default test -->
  </suite> <!-- Default suite -->
</testng-results>
